<?xml version="1.0" encoding="UTF-8"?>
<!-- Generated by org.testng.reporters.JUnitReportReporter -->
<testsuite hostname="Five-Pebbles" failures="0" tests="7" name="Tests" time="51.808" errors="0" timestamp="2025-06-22T00:20:26 CST" skipped="0">
  <testcase classname="Tests" name="firstTest" time="6.665">
    <system-out>
      <![CDATA[========== 1° Test ==========
 <a href='C:\Users\Dan64Z\Desktop\SeleniumZyed\SeleniumTests\src\test\screenshots\06-22-2025_0-19-37-102.png'> <img src='C:\Users\Dan64Z\Desktop\SeleniumZyed\SeleniumTests\src\test\screenshots\06-22-2025_0-19-37-102.png' height='70%' width='70%'/> </a>  
Title Matches
Text Matches
Logging in...
Delete Account is Present
 <a href='C:\Users\Dan64Z\Desktop\SeleniumZyed\SeleniumTests\src\test\screenshots\06-22-2025_0-19-39-269.png'> <img src='C:\Users\Dan64Z\Desktop\SeleniumZyed\SeleniumTests\src\test\screenshots\06-22-2025_0-19-39-269.png' height='70%' width='70%'/> </a>  
Logging out...
Element is not Present
 <a href='C:\Users\Dan64Z\Desktop\SeleniumZyed\SeleniumTests\src\test\screenshots\06-22-2025_0-19-39-970.png'> <img src='C:\Users\Dan64Z\Desktop\SeleniumZyed\SeleniumTests\src\test\screenshots\06-22-2025_0-19-39-970.png' height='70%' width='70%'/> </a>  ]]>
    </system-out>
  </testcase> <!-- firstTest -->
  <testcase classname="Tests" name="secondTest" time="5.900">
    <system-out>
      <![CDATA[========== 2° Test ==========
 <a href='C:\Users\Dan64Z\Desktop\SeleniumZyed\SeleniumTests\src\test\screenshots\06-22-2025_0-19-44-34.png'> <img src='C:\Users\Dan64Z\Desktop\SeleniumZyed\SeleniumTests\src\test\screenshots\06-22-2025_0-19-44-34.png' height='70%' width='70%'/> </a>  
Title Matches
Text Matches
Text Matches
Logging in failed.
 <a href='C:\Users\Dan64Z\Desktop\SeleniumZyed\SeleniumTests\src\test\screenshots\06-22-2025_0-19-45-845.png'> <img src='C:\Users\Dan64Z\Desktop\SeleniumZyed\SeleniumTests\src\test\screenshots\06-22-2025_0-19-45-845.png' height='70%' width='70%'/> </a>  ]]>
    </system-out>
  </testcase> <!-- secondTest -->
  <testcase classname="Tests" name="thirdTest" time="9.594">
    <system-out>
      <![CDATA[========== 3° Test ==========
 <a href='C:\Users\Dan64Z\Desktop\SeleniumZyed\SeleniumTests\src\test\screenshots\06-22-2025_0-19-49-956.png'> <img src='C:\Users\Dan64Z\Desktop\SeleniumZyed\SeleniumTests\src\test\screenshots\06-22-2025_0-19-49-956.png' height='70%' width='70%'/> </a>  
Title Matches
Text Matches
Attemping sign up...
 <a href='C:\Users\Dan64Z\Desktop\SeleniumZyed\SeleniumTests\src\test\screenshots\06-22-2025_0-19-51-358.png'> <img src='C:\Users\Dan64Z\Desktop\SeleniumZyed\SeleniumTests\src\test\screenshots\06-22-2025_0-19-51-358.png' height='70%' width='70%'/> </a>  
Text Matches
Success
Filled fields
 <a href='C:\Users\Dan64Z\Desktop\SeleniumZyed\SeleniumTests\src\test\screenshots\06-22-2025_0-19-53-194.png'> <img src='C:\Users\Dan64Z\Desktop\SeleniumZyed\SeleniumTests\src\test\screenshots\06-22-2025_0-19-53-194.png' height='70%' width='70%'/> </a>  
Text Matches
Success
 <a href='C:\Users\Dan64Z\Desktop\SeleniumZyed\SeleniumTests\src\test\screenshots\06-22-2025_0-19-54-158.png'> <img src='C:\Users\Dan64Z\Desktop\SeleniumZyed\SeleniumTests\src\test\screenshots\06-22-2025_0-19-54-158.png' height='70%' width='70%'/> </a>  ]]>
    </system-out>
  </testcase> <!-- thirdTest -->
  <testcase classname="Tests" name="fourthTest" time="8.551">
    <system-out>
      <![CDATA[========== 4° Test ==========
 <a href='C:\Users\Dan64Z\Desktop\SeleniumZyed\SeleniumTests\src\test\screenshots\06-22-2025_0-19-59-409.png'> <img src='C:\Users\Dan64Z\Desktop\SeleniumZyed\SeleniumTests\src\test\screenshots\06-22-2025_0-19-59-409.png' height='70%' width='70%'/> </a>  
Title Matches
Text Matches
Navigating to place...
Clicking on item...
 <a href='C:\Users\Dan64Z\Desktop\SeleniumZyed\SeleniumTests\src\test\screenshots\06-22-2025_0-20-02-756.png'> <img src='C:\Users\Dan64Z\Desktop\SeleniumZyed\SeleniumTests\src\test\screenshots\06-22-2025_0-20-02-756.png' height='70%' width='70%'/> </a>  
Text Matches]]>
    </system-out>
  </testcase> <!-- fourthTest -->
  <testcase classname="Tests" name="fifthTest" time="5.787">
    <system-out>
      <![CDATA[========== 5° Test ==========
 <a href='C:\Users\Dan64Z\Desktop\SeleniumZyed\SeleniumTests\src\test\screenshots\06-22-2025_0-20-07-773.png'> <img src='C:\Users\Dan64Z\Desktop\SeleniumZyed\SeleniumTests\src\test\screenshots\06-22-2025_0-20-07-773.png' height='70%' width='70%'/> </a>  
Title Matches
Text Matches
Fields and file uploaded
 <a href='C:\Users\Dan64Z\Desktop\SeleniumZyed\SeleniumTests\src\test\screenshots\06-22-2025_0-20-09-304.png'> <img src='C:\Users\Dan64Z\Desktop\SeleniumZyed\SeleniumTests\src\test\screenshots\06-22-2025_0-20-09-304.png' height='70%' width='70%'/> </a>  
Alert accepted
Text Matches]]>
    </system-out>
  </testcase> <!-- fifthTest -->
  <testcase classname="Tests" name="sixthTest" time="5.826">
    <system-out>
      <![CDATA[========== 6° Test ==========
 <a href='C:\Users\Dan64Z\Desktop\SeleniumZyed\SeleniumTests\src\test\screenshots\06-22-2025_0-20-13-620.png'> <img src='C:\Users\Dan64Z\Desktop\SeleniumZyed\SeleniumTests\src\test\screenshots\06-22-2025_0-20-13-620.png' height='70%' width='70%'/> </a>  
Title Matches
Text Matches
Test Case 1: Register User
Test Case 2: Login User with correct email and password
Test Case 3: Login User with incorrect email and password
Test Case 4: Logout User
Test Case 5: Register User with existing email
Test Case 6: Contact Us Form
Test Case 7: Verify Test Cases Page
Test Case 8: Verify All Products and product detail page
Test Case 9: Search Product
Test Case 10: Verify Subscription in home page
Test Case 11: Verify Subscription in Cart page
Test Case 12: Add Products in Cart
Test Case 13: Verify Product quantity in Cart
Test Case 14: Place Order: Register while Checkout
Test Case 15: Place Order: Register before Checkout
Test Case 16: Place Order: Login before Checkout
Test Case 17: Remove Products From Cart
Test Case 18: View Category Products
Test Case 19: View & Cart Brand Products
Test Case 20: Search Products and Verify Cart After Login
Test Case 21: Add review on product
Test Case 22: Add to cart from Recommended items
Test Case 23: Verify address details in checkout page
Test Case 24: Download Invoice after purchase order
Test Case 25: Verify Scroll Up using 'Arrow' button and Scroll Down functionality
Test Case 26: Verify Scroll Up without 'Arrow' button and Scroll Down functionality
 <a href='C:\Users\Dan64Z\Desktop\SeleniumZyed\SeleniumTests\src\test\screenshots\06-22-2025_0-20-15-199.png'> <img src='C:\Users\Dan64Z\Desktop\SeleniumZyed\SeleniumTests\src\test\screenshots\06-22-2025_0-20-15-199.png' height='70%' width='70%'/> </a>  ]]>
    </system-out>
  </testcase> <!-- sixthTest -->
  <testcase classname="Tests" name="seventhTest" time="9.485">
    <system-out>
      <![CDATA[========== 7° Test ==========
 <a href='C:\Users\Dan64Z\Desktop\SeleniumZyed\SeleniumTests\src\test\screenshots\06-22-2025_0-20-19-371.png'> <img src='C:\Users\Dan64Z\Desktop\SeleniumZyed\SeleniumTests\src\test\screenshots\06-22-2025_0-20-19-371.png' height='70%' width='70%'/> </a>  
Title Matches
Logging in...
Success
Proceed To Checkout is Present
 <a href='C:\Users\Dan64Z\Desktop\SeleniumZyed\SeleniumTests\src\test\screenshots\06-22-2025_0-20-22-786.png'> <img src='C:\Users\Dan64Z\Desktop\SeleniumZyed\SeleniumTests\src\test\screenshots\06-22-2025_0-20-22-786.png' height='70%' width='70%'/> </a>  
Text Matches
 <a href='C:\Users\Dan64Z\Desktop\SeleniumZyed\SeleniumTests\src\test\screenshots\06-22-2025_0-20-23-544.png'> <img src='C:\Users\Dan64Z\Desktop\SeleniumZyed\SeleniumTests\src\test\screenshots\06-22-2025_0-20-23-544.png' height='70%' width='70%'/> </a>  
Item: Sleeveless Dress
Women > Dress
Price: Rs. 1000
Quantity: 1
Item total: Rs. 1000
Item: Stylish Dress
Women > Dress
Price: Rs. 1500
Quantity: 1
Item total: Rs. 1500
 <a href='C:\Users\Dan64Z\Desktop\SeleniumZyed\SeleniumTests\src\test\screenshots\06-22-2025_0-20-24-67.png'> <img src='C:\Users\Dan64Z\Desktop\SeleniumZyed\SeleniumTests\src\test\screenshots\06-22-2025_0-20-24-67.png' height='70%' width='70%'/> </a>  
Pay and Confirm Order is Enabled
 <a href='C:\Users\Dan64Z\Desktop\SeleniumZyed\SeleniumTests\src\test\screenshots\06-22-2025_0-20-24-711.png'> <img src='C:\Users\Dan64Z\Desktop\SeleniumZyed\SeleniumTests\src\test\screenshots\06-22-2025_0-20-24-711.png' height='70%' width='70%'/> </a>  ]]>
    </system-out>
  </testcase> <!-- seventhTest -->
  <system-out>
    <![CDATA[========== 1° Test ==========
 <a href='C:\Users\Dan64Z\Desktop\SeleniumZyed\SeleniumTests\src\test\screenshots\06-22-2025_0-19-37-102.png'> <img src='C:\Users\Dan64Z\Desktop\SeleniumZyed\SeleniumTests\src\test\screenshots\06-22-2025_0-19-37-102.png' height='70%' width='70%'/> </a>  
Title Matches
Text Matches
Logging in...
Delete Account is Present
 <a href='C:\Users\Dan64Z\Desktop\SeleniumZyed\SeleniumTests\src\test\screenshots\06-22-2025_0-19-39-269.png'> <img src='C:\Users\Dan64Z\Desktop\SeleniumZyed\SeleniumTests\src\test\screenshots\06-22-2025_0-19-39-269.png' height='70%' width='70%'/> </a>  
Logging out...
Element is not Present
 <a href='C:\Users\Dan64Z\Desktop\SeleniumZyed\SeleniumTests\src\test\screenshots\06-22-2025_0-19-39-970.png'> <img src='C:\Users\Dan64Z\Desktop\SeleniumZyed\SeleniumTests\src\test\screenshots\06-22-2025_0-19-39-970.png' height='70%' width='70%'/> </a>  
========== 2° Test ==========
 <a href='C:\Users\Dan64Z\Desktop\SeleniumZyed\SeleniumTests\src\test\screenshots\06-22-2025_0-19-44-34.png'> <img src='C:\Users\Dan64Z\Desktop\SeleniumZyed\SeleniumTests\src\test\screenshots\06-22-2025_0-19-44-34.png' height='70%' width='70%'/> </a>  
Title Matches
Text Matches
Text Matches
Logging in failed.
 <a href='C:\Users\Dan64Z\Desktop\SeleniumZyed\SeleniumTests\src\test\screenshots\06-22-2025_0-19-45-845.png'> <img src='C:\Users\Dan64Z\Desktop\SeleniumZyed\SeleniumTests\src\test\screenshots\06-22-2025_0-19-45-845.png' height='70%' width='70%'/> </a>  
========== 3° Test ==========
 <a href='C:\Users\Dan64Z\Desktop\SeleniumZyed\SeleniumTests\src\test\screenshots\06-22-2025_0-19-49-956.png'> <img src='C:\Users\Dan64Z\Desktop\SeleniumZyed\SeleniumTests\src\test\screenshots\06-22-2025_0-19-49-956.png' height='70%' width='70%'/> </a>  
Title Matches
Text Matches
Attemping sign up...
 <a href='C:\Users\Dan64Z\Desktop\SeleniumZyed\SeleniumTests\src\test\screenshots\06-22-2025_0-19-51-358.png'> <img src='C:\Users\Dan64Z\Desktop\SeleniumZyed\SeleniumTests\src\test\screenshots\06-22-2025_0-19-51-358.png' height='70%' width='70%'/> </a>  
Text Matches
Success
Filled fields
 <a href='C:\Users\Dan64Z\Desktop\SeleniumZyed\SeleniumTests\src\test\screenshots\06-22-2025_0-19-53-194.png'> <img src='C:\Users\Dan64Z\Desktop\SeleniumZyed\SeleniumTests\src\test\screenshots\06-22-2025_0-19-53-194.png' height='70%' width='70%'/> </a>  
Text Matches
Success
 <a href='C:\Users\Dan64Z\Desktop\SeleniumZyed\SeleniumTests\src\test\screenshots\06-22-2025_0-19-54-158.png'> <img src='C:\Users\Dan64Z\Desktop\SeleniumZyed\SeleniumTests\src\test\screenshots\06-22-2025_0-19-54-158.png' height='70%' width='70%'/> </a>  
========== 4° Test ==========
 <a href='C:\Users\Dan64Z\Desktop\SeleniumZyed\SeleniumTests\src\test\screenshots\06-22-2025_0-19-59-409.png'> <img src='C:\Users\Dan64Z\Desktop\SeleniumZyed\SeleniumTests\src\test\screenshots\06-22-2025_0-19-59-409.png' height='70%' width='70%'/> </a>  
Title Matches
Text Matches
Navigating to place...
Clicking on item...
 <a href='C:\Users\Dan64Z\Desktop\SeleniumZyed\SeleniumTests\src\test\screenshots\06-22-2025_0-20-02-756.png'> <img src='C:\Users\Dan64Z\Desktop\SeleniumZyed\SeleniumTests\src\test\screenshots\06-22-2025_0-20-02-756.png' height='70%' width='70%'/> </a>  
Text Matches
========== 5° Test ==========
 <a href='C:\Users\Dan64Z\Desktop\SeleniumZyed\SeleniumTests\src\test\screenshots\06-22-2025_0-20-07-773.png'> <img src='C:\Users\Dan64Z\Desktop\SeleniumZyed\SeleniumTests\src\test\screenshots\06-22-2025_0-20-07-773.png' height='70%' width='70%'/> </a>  
Title Matches
Text Matches
Fields and file uploaded
 <a href='C:\Users\Dan64Z\Desktop\SeleniumZyed\SeleniumTests\src\test\screenshots\06-22-2025_0-20-09-304.png'> <img src='C:\Users\Dan64Z\Desktop\SeleniumZyed\SeleniumTests\src\test\screenshots\06-22-2025_0-20-09-304.png' height='70%' width='70%'/> </a>  
Alert accepted
Text Matches
========== 6° Test ==========
 <a href='C:\Users\Dan64Z\Desktop\SeleniumZyed\SeleniumTests\src\test\screenshots\06-22-2025_0-20-13-620.png'> <img src='C:\Users\Dan64Z\Desktop\SeleniumZyed\SeleniumTests\src\test\screenshots\06-22-2025_0-20-13-620.png' height='70%' width='70%'/> </a>  
Title Matches
Text Matches
Test Case 1: Register User
Test Case 2: Login User with correct email and password
Test Case 3: Login User with incorrect email and password
Test Case 4: Logout User
Test Case 5: Register User with existing email
Test Case 6: Contact Us Form
Test Case 7: Verify Test Cases Page
Test Case 8: Verify All Products and product detail page
Test Case 9: Search Product
Test Case 10: Verify Subscription in home page
Test Case 11: Verify Subscription in Cart page
Test Case 12: Add Products in Cart
Test Case 13: Verify Product quantity in Cart
Test Case 14: Place Order: Register while Checkout
Test Case 15: Place Order: Register before Checkout
Test Case 16: Place Order: Login before Checkout
Test Case 17: Remove Products From Cart
Test Case 18: View Category Products
Test Case 19: View & Cart Brand Products
Test Case 20: Search Products and Verify Cart After Login
Test Case 21: Add review on product
Test Case 22: Add to cart from Recommended items
Test Case 23: Verify address details in checkout page
Test Case 24: Download Invoice after purchase order
Test Case 25: Verify Scroll Up using 'Arrow' button and Scroll Down functionality
Test Case 26: Verify Scroll Up without 'Arrow' button and Scroll Down functionality
 <a href='C:\Users\Dan64Z\Desktop\SeleniumZyed\SeleniumTests\src\test\screenshots\06-22-2025_0-20-15-199.png'> <img src='C:\Users\Dan64Z\Desktop\SeleniumZyed\SeleniumTests\src\test\screenshots\06-22-2025_0-20-15-199.png' height='70%' width='70%'/> </a>  
========== 7° Test ==========
 <a href='C:\Users\Dan64Z\Desktop\SeleniumZyed\SeleniumTests\src\test\screenshots\06-22-2025_0-20-19-371.png'> <img src='C:\Users\Dan64Z\Desktop\SeleniumZyed\SeleniumTests\src\test\screenshots\06-22-2025_0-20-19-371.png' height='70%' width='70%'/> </a>  
Title Matches
Logging in...
Success
Proceed To Checkout is Present
 <a href='C:\Users\Dan64Z\Desktop\SeleniumZyed\SeleniumTests\src\test\screenshots\06-22-2025_0-20-22-786.png'> <img src='C:\Users\Dan64Z\Desktop\SeleniumZyed\SeleniumTests\src\test\screenshots\06-22-2025_0-20-22-786.png' height='70%' width='70%'/> </a>  
Text Matches
 <a href='C:\Users\Dan64Z\Desktop\SeleniumZyed\SeleniumTests\src\test\screenshots\06-22-2025_0-20-23-544.png'> <img src='C:\Users\Dan64Z\Desktop\SeleniumZyed\SeleniumTests\src\test\screenshots\06-22-2025_0-20-23-544.png' height='70%' width='70%'/> </a>  
Item: Sleeveless Dress
Women > Dress
Price: Rs. 1000
Quantity: 1
Item total: Rs. 1000
Item: Stylish Dress
Women > Dress
Price: Rs. 1500
Quantity: 1
Item total: Rs. 1500
 <a href='C:\Users\Dan64Z\Desktop\SeleniumZyed\SeleniumTests\src\test\screenshots\06-22-2025_0-20-24-67.png'> <img src='C:\Users\Dan64Z\Desktop\SeleniumZyed\SeleniumTests\src\test\screenshots\06-22-2025_0-20-24-67.png' height='70%' width='70%'/> </a>  
Pay and Confirm Order is Enabled
 <a href='C:\Users\Dan64Z\Desktop\SeleniumZyed\SeleniumTests\src\test\screenshots\06-22-2025_0-20-24-711.png'> <img src='C:\Users\Dan64Z\Desktop\SeleniumZyed\SeleniumTests\src\test\screenshots\06-22-2025_0-20-24-711.png' height='70%' width='70%'/> </a>  ]]>
  </system-out>
</testsuite> <!-- Tests -->
